#
# There is insufficient memory for the Java Runtime Environment to continue.
# Native memory allocation (malloc) failed to allocate 262160 bytes for Chunk::new
# Possible reasons:
#   The system is out of physical RAM or swap space
#   The process is running with CompressedOops enabled, and the Java Heap may be blocking the growth of the native heap
# Possible solutions:
#   Reduce memory load on the system
#   Increase physical memory or swap space
#   Check if swap backing store is full
#   Decrease Java heap size (-Xmx/-Xms)
#   Decrease number of Java threads
#   Decrease Java thread stack sizes (-Xss)
#   Set larger code cache with -XX:ReservedCodeCacheSize=
#   JVM is running with Unscaled Compressed Oops mode in which the Java heap is
#     placed in the first 4GB address space. The Java Heap base address is the
#     maximum limit for the native heap growth. Please use -XX:HeapBaseMinAddress
#     to set the Java Heap base and to place the Java Heap above 4GB virtual address.
# This output file may be truncated or incomplete.
#
#  Out of Memory Error (arena.cpp:189), pid=40768, tid=46444
#
# JRE version: OpenJDK Runtime Environment Temurin-17.0.4+8 (17.0.4+8) (build 17.0.4+8)
# Java VM: OpenJDK 64-Bit Server VM Temurin-17.0.4+8 (17.0.4+8, mixed mode, tiered, compressed oops, compressed class ptrs, g1 gc, windows-amd64)
# No core dump will be written. Minidumps are not enabled by default on client versions of Windows
#

---------------  S U M M A R Y ------------

Command Line: -ea -Dfile.encoding=UTF-8 -XX:+ShowCodeDetailsInExceptionMessages org.eclipse.jdt.internal.junit.runner.RemoteTestRunner -version 3 -port 60877 -testLoaderClass org.eclipse.jdt.internal.junit5.runner.JUnit5TestLoader -loaderpluginname org.eclipse.jdt.junit5.runtime -classNames com.runner.RunnerFile

Host: AMD PRO A4-4350B R4, 5 COMPUTE CORES 2C+3G     , 2 cores, 3G,  Windows 10 , 64 bit Build 17763 (10.0.17763.475)
Time: Mon Nov 21 23:43:39 2022 India Standard Time elapsed time: 31.319356 seconds (0d 0h 0m 31s)

---------------  T H R E A D  ---------------

Current thread (0x000001ee46798f20):  JavaThread "C2 CompilerThread0" daemon [_thread_in_native, id=46444, stack(0x0000009702000000,0x0000009702100000)]


Current CompileTask:
C2:  31319 2360       4       jdk.internal.org.objectweb.asm.Frame::execute (2305 bytes)

Stack: [0x0000009702000000,0x0000009702100000]
Native frames: (J=compiled Java code, j=interpreted, Vv=VM code, C=native code)
V  [jvm.dll+0x67733a]
V  [jvm.dll+0x8323c4]
V  [jvm.dll+0x833b6e]
V  [jvm.dll+0x8341d3]
V  [jvm.dll+0x2455e5]
V  [jvm.dll+0xabd7b]
V  [jvm.dll+0xac30c]
V  [jvm.dll+0xabe8b]
V  [jvm.dll+0x69c3a8]
V  [jvm.dll+0x68544e]
V  [jvm.dll+0x684994]
V  [jvm.dll+0x1a71cc]
V  [jvm.dll+0x1a7d96]
V  [jvm.dll+0x2ab8e4]
V  [jvm.dll+0x68f6c7]
V  [jvm.dll+0x6877ab]
V  [jvm.dll+0x686de7]
V  [jvm.dll+0x684ce2]
V  [jvm.dll+0x1a71cc]
V  [jvm.dll+0x1a7d96]
V  [jvm.dll+0x2ab8e4]
V  [jvm.dll+0x68f6c7]
V  [jvm.dll+0x6877ab]
V  [jvm.dll+0x686de7]
V  [jvm.dll+0x684ce2]
V  [jvm.dll+0x1a71cc]
V  [jvm.dll+0x2ab8e4]
V  [jvm.dll+0x68f6c7]
V  [jvm.dll+0x6877ab]
V  [jvm.dll+0x686de7]
V  [jvm.dll+0x684ce2]
V  [jvm.dll+0x1a71cc]
V  [jvm.dll+0x1a7d96]
V  [jvm.dll+0x2ab8e4]
V  [jvm.dll+0x68f6c7]
V  [jvm.dll+0x6877ab]
V  [jvm.dll+0x686de7]
V  [jvm.dll+0x684ce2]
V  [jvm.dll+0x1a71cc]
V  [jvm.dll+0x2174b8]
V  [jvm.dll+0x1a3f8d]
V  [jvm.dll+0x227308]
V  [jvm.dll+0x225455]
V  [jvm.dll+0x7e7eeb]
V  [jvm.dll+0x7e245a]
V  [jvm.dll+0x6761c5]
C  [ucrtbase.dll+0x2268a]
C  [KERNEL32.DLL+0x17974]
C  [ntdll.dll+0x5a0b1]


---------------  P R O C E S S  ---------------

Threads class SMR info:
_java_thread_list=0x000001ee60fb62c0, length=19, elements={
0x000001ee48ac25c0, 0x000001ee5f5c73b0, 0x000001ee5f5c93a0, 0x000001ee5f63e2a0,
0x000001ee5f614880, 0x000001ee5f618cf0, 0x000001ee5f61a120, 0x000001ee46798f20,
0x000001ee4679bcb0, 0x000001ee60773f50, 0x000001ee608dbde0, 0x000001ee608f8520,
0x000001ee6134cfd0, 0x000001ee61cf1d90, 0x000001ee611d3d50, 0x000001ee6115c0b0,
0x000001ee6108b120, 0x000001ee60b04f50, 0x000001ee60b01590
}

Java Threads: ( => current thread )
  0x000001ee48ac25c0 JavaThread "Forwarding findElement on session 398666b4423b2ac25496e8709e1684da to remote" [_thread_in_native, id=35612, stack(0x0000009701400000,0x0000009701500000)]
  0x000001ee5f5c73b0 JavaThread "Reference Handler" daemon [_thread_blocked, id=46184, stack(0x0000009701a00000,0x0000009701b00000)]
  0x000001ee5f5c93a0 JavaThread "Finalizer" daemon [_thread_blocked, id=45356, stack(0x0000009701b00000,0x0000009701c00000)]
  0x000001ee5f63e2a0 JavaThread "Signal Dispatcher" daemon [_thread_blocked, id=44208, stack(0x0000009701c00000,0x0000009701d00000)]
  0x000001ee5f614880 JavaThread "Attach Listener" daemon [_thread_blocked, id=36380, stack(0x0000009701d00000,0x0000009701e00000)]
  0x000001ee5f618cf0 JavaThread "Service Thread" daemon [_thread_blocked, id=46864, stack(0x0000009701e00000,0x0000009701f00000)]
  0x000001ee5f61a120 JavaThread "Monitor Deflation Thread" daemon [_thread_blocked, id=42664, stack(0x0000009701f00000,0x0000009702000000)]
=>0x000001ee46798f20 JavaThread "C2 CompilerThread0" daemon [_thread_in_native, id=46444, stack(0x0000009702000000,0x0000009702100000)]
  0x000001ee4679bcb0 JavaThread "C1 CompilerThread0" daemon [_thread_blocked, id=35616, stack(0x0000009702100000,0x0000009702200000)]
  0x000001ee60773f50 JavaThread "Sweeper thread" daemon [_thread_blocked, id=36980, stack(0x0000009702200000,0x0000009702300000)]
  0x000001ee608dbde0 JavaThread "Notification Thread" daemon [_thread_blocked, id=45528, stack(0x0000009702300000,0x0000009702400000)]
  0x000001ee608f8520 JavaThread "Common-Cleaner" daemon [_thread_blocked, id=34148, stack(0x0000009702500000,0x0000009702600000)]
  0x000001ee6134cfd0 JavaThread "ReaderThread" [_thread_in_native, id=41728, stack(0x0000009702700000,0x0000009702800000)]
  0x000001ee61cf1d90 JavaThread "Exec Default Executor" daemon [_thread_in_native, id=31840, stack(0x0000009702800000,0x0000009702900000)]
  0x000001ee611d3d50 JavaThread "UrlChecker-2" daemon [_thread_blocked, id=45116, stack(0x0000009702900000,0x0000009702a00000)]
  0x000001ee6115c0b0 JavaThread "Exec Stream Pumper" daemon [_thread_in_native, id=44400, stack(0x0000009702a00000,0x0000009702b00000)]
  0x000001ee6108b120 JavaThread "Exec Stream Pumper" daemon [_thread_in_native, id=41452, stack(0x0000009702b00000,0x0000009702c00000)]
  0x000001ee60b04f50 JavaThread "OkHttp ConnectionPool" daemon [_thread_blocked, id=35276, stack(0x0000009702e00000,0x0000009702f00000)]
  0x000001ee60b01590 JavaThread "Okio Watchdog" daemon [_thread_blocked, id=42876, stack(0x0000009702f00000,0x0000009703000000)]

Other Threads:
  0x000001ee5f5febb0 VMThread "VM Thread" [stack: 0x0000009701300000,0x0000009701400000] [id=43904]
  0x000001ee467b1850 WatcherThread [stack: 0x0000009702400000,0x0000009702500000] [id=35552]
  0x000001ee48afc380 GCTaskThread "GC Thread#0" [stack: 0x0000009701500000,0x0000009701600000] [id=43684]
  0x000001ee60cb3f50 GCTaskThread "GC Thread#1" [stack: 0x0000009702600000,0x0000009702700000] [id=39684]
  0x000001ee48b04cd0 ConcurrentGCThread "G1 Main Marker" [stack: 0x0000009701600000,0x0000009701700000] [id=41684]
  0x000001ee48b06880 ConcurrentGCThread "G1 Conc#0" [stack: 0x0000009701700000,0x0000009701800000] [id=45336]
  0x000001ee48b3b960 ConcurrentGCThread "G1 Refine#0" [stack: 0x0000009701800000,0x0000009701900000] [id=47004]
  0x000001ee48b3f530 ConcurrentGCThread "G1 Service" [stack: 0x0000009701900000,0x0000009701a00000] [id=44960]

Threads with active compile tasks:
C2 CompilerThread0    31952 2360       4       jdk.internal.org.objectweb.asm.Frame::execute (2305 bytes)

VM state: not at safepoint (normal execution)

VM Mutex/Monitor currently owned by a thread: None

Heap address: 0x00000000c2800000, size: 984 MB, Compressed Oops mode: 32-bit

CDS archive(s) not mapped
Compressed class space mapped at: 0x0000000100000000-0x0000000140000000, reserved size: 1073741824
Narrow klass base: 0x0000000000000000, Narrow klass shift: 3, Narrow klass range: 0x140000000

GC Precious Log:
 CPUs: 2 total, 2 available
 Memory: 3935M
 Large Page Support: Disabled
 NUMA Support: Disabled
 Compressed Oops: Enabled (32-bit)
 Heap Region Size: 1M
 Heap Min Capacity: 8M
 Heap Initial Capacity: 62M
 Heap Max Capacity: 984M
 Pre-touch: Disabled
 Parallel Workers: 2
 Concurrent Workers: 1
 Concurrent Refinement Workers: 2
 Periodic GC: Disabled

Heap:
 garbage-first heap   total 34816K, used 12977K [0x00000000c2800000, 0x0000000100000000)
  region size 1024K, 6 young (6144K), 1 survivors (1024K)
 Metaspace       used 27102K, committed 27392K, reserved 1073152K
  class space    used 3073K, committed 3200K, reserved 1048576K

Heap Regions: E=young(eden), S=young(survivor), O=old, HS=humongous(starts), HC=humongous(continues), CS=collection set, F=free, OA=open archive, CA=closed archive, TAMS=top-at-mark-start (previous, next)
|   0|0x00000000c2800000, 0x00000000c2900000, 0x00000000c2900000|100%| O|  |TAMS 0x00000000c2900000, 0x00000000c2800000| Untracked 
|   1|0x00000000c2900000, 0x00000000c2a00000, 0x00000000c2a00000|100%| O|  |TAMS 0x00000000c2a00000, 0x00000000c2900000| Untracked 
|   2|0x00000000c2a00000, 0x00000000c2b00000, 0x00000000c2b00000|100%| O|  |TAMS 0x00000000c2b00000, 0x00000000c2a00000| Untracked 
|   3|0x00000000c2b00000, 0x00000000c2b00000, 0x00000000c2c00000|  0%| F|  |TAMS 0x00000000c2b00000, 0x00000000c2b00000| Untracked 
|   4|0x00000000c2c00000, 0x00000000c2d00000, 0x00000000c2d00000|100%| O|  |TAMS 0x00000000c2c00000, 0x00000000c2c00000| Untracked 
|   5|0x00000000c2d00000, 0x00000000c2e00000, 0x00000000c2e00000|100%| O|  |TAMS 0x00000000c2d00000, 0x00000000c2d00000| Untracked 
|   6|0x00000000c2e00000, 0x00000000c2f00000, 0x00000000c2f00000|100%| O|  |TAMS 0x00000000c2e00000, 0x00000000c2e00000| Untracked 
|   7|0x00000000c2f00000, 0x00000000c3000000, 0x00000000c3000000|100%| O|  |TAMS 0x00000000c2f00000, 0x00000000c2f00000| Untracked 
|   8|0x00000000c3000000, 0x00000000c3100000, 0x00000000c3100000|100%| O|  |TAMS 0x00000000c3000000, 0x00000000c3000000| Untracked 
|   9|0x00000000c3100000, 0x00000000c3200000, 0x00000000c3200000|100%| O|  |TAMS 0x00000000c3100000, 0x00000000c3100000| Untracked 
|  10|0x00000000c3200000, 0x00000000c324f600, 0x00000000c3300000| 31%| O|  |TAMS 0x00000000c3200000, 0x00000000c3200000| Untracked 
|  11|0x00000000c3300000, 0x00000000c3300000, 0x00000000c3400000|  0%| F|  |TAMS 0x00000000c3300000, 0x00000000c3300000| Untracked 
|  12|0x00000000c3400000, 0x00000000c3400000, 0x00000000c3500000|  0%| F|  |TAMS 0x00000000c3400000, 0x00000000c3400000| Untracked 
|  13|0x00000000c3500000, 0x00000000c3500000, 0x00000000c3600000|  0%| F|  |TAMS 0x00000000c3500000, 0x00000000c3500000| Untracked 
|  14|0x00000000c3600000, 0x00000000c3600000, 0x00000000c3700000|  0%| F|  |TAMS 0x00000000c3600000, 0x00000000c3600000| Untracked 
|  15|0x00000000c3700000, 0x00000000c3700000, 0x00000000c3800000|  0%| F|  |TAMS 0x00000000c3700000, 0x00000000c3700000| Untracked 
|  16|0x00000000c3800000, 0x00000000c3800000, 0x00000000c3900000|  0%| F|  |TAMS 0x00000000c3800000, 0x00000000c3800000| Untracked 
|  17|0x00000000c3900000, 0x00000000c3900000, 0x00000000c3a00000|  0%| F|  |TAMS 0x00000000c3900000, 0x00000000c3900000| Untracked 
|  18|0x00000000c3a00000, 0x00000000c3a00000, 0x00000000c3b00000|  0%| F|  |TAMS 0x00000000c3a00000, 0x00000000c3a00000| Untracked 
|  19|0x00000000c3b00000, 0x00000000c3b00000, 0x00000000c3c00000|  0%| F|  |TAMS 0x00000000c3b00000, 0x00000000c3b00000| Untracked 
|  20|0x00000000c3c00000, 0x00000000c3c00000, 0x00000000c3d00000|  0%| F|  |TAMS 0x00000000c3c00000, 0x00000000c3c00000| Untracked 
|  21|0x00000000c3d00000, 0x00000000c3d00000, 0x00000000c3e00000|  0%| F|  |TAMS 0x00000000c3d00000, 0x00000000c3d00000| Untracked 
|  22|0x00000000c3e00000, 0x00000000c3e00000, 0x00000000c3f00000|  0%| F|  |TAMS 0x00000000c3e00000, 0x00000000c3e00000| Untracked 
|  23|0x00000000c3f00000, 0x00000000c3f00000, 0x00000000c4000000|  0%| F|  |TAMS 0x00000000c3f00000, 0x00000000c3f00000| Untracked 
|  24|0x00000000c4000000, 0x00000000c4000000, 0x00000000c4100000|  0%| F|  |TAMS 0x00000000c4000000, 0x00000000c4000000| Untracked 
|  25|0x00000000c4100000, 0x00000000c4100000, 0x00000000c4200000|  0%| F|  |TAMS 0x00000000c4100000, 0x00000000c4100000| Untracked 
|  26|0x00000000c4200000, 0x00000000c4200000, 0x00000000c4300000|  0%| F|  |TAMS 0x00000000c4200000, 0x00000000c4200000| Untracked 
|  27|0x00000000c4300000, 0x00000000c4300000, 0x00000000c4400000|  0%| F|  |TAMS 0x00000000c4300000, 0x00000000c4300000| Untracked 
|  28|0x00000000c4400000, 0x00000000c4500000, 0x00000000c4500000|100%| E|  |TAMS 0x00000000c4400000, 0x00000000c4400000| Complete 
|  29|0x00000000c4500000, 0x00000000c4600000, 0x00000000c4600000|100%| E|  |TAMS 0x00000000c4500000, 0x00000000c4500000| Complete 
|  30|0x00000000c4600000, 0x00000000c4700000, 0x00000000c4700000|100%| E|CS|TAMS 0x00000000c4600000, 0x00000000c4600000| Complete 
|  31|0x00000000c4700000, 0x00000000c4800000, 0x00000000c4800000|100%| E|CS|TAMS 0x00000000c4700000, 0x00000000c4700000| Complete 
|  32|0x00000000c4800000, 0x00000000c485ce60, 0x00000000c4900000| 36%| S|CS|TAMS 0x00000000c4800000, 0x00000000c4800000| Complete 
|  61|0x00000000c6500000, 0x00000000c6600000, 0x00000000c6600000|100%| E|CS|TAMS 0x00000000c6500000, 0x00000000c6500000| Complete 

Card table byte_map: [0x000001ee48840000,0x000001ee48a30000] _byte_map_base: 0x000001ee4822c000

Marking Bits (Prev, Next): (CMBitMap*) 0x000001ee48afc8e0, (CMBitMap*) 0x000001ee48afc8a0
 Prev Bits: [0x000001ee5c290000, 0x000001ee5d1f0000)
 Next Bits: [0x000001ee5b330000, 0x000001ee5c290000)

Polling page: 0x000001ee46970000

Metaspace:

Usage:
  Non-class:     23.47 MB used.
      Class:      3.00 MB used.
       Both:     26.47 MB used.

Virtual space:
  Non-class space:       24.00 MB reserved,      23.63 MB ( 98%) committed,  3 nodes.
      Class space:        1.00 GB reserved,       3.13 MB ( <1%) committed,  1 nodes.
             Both:        1.02 GB reserved,      26.75 MB (  3%) committed. 

Chunk freelists:
   Non-Class:  240.00 KB
       Class:  752.00 KB
        Both:  992.00 KB

MaxMetaspaceSize: unlimited
CompressedClassSpaceSize: 1.00 GB
Initial GC threshold: 21.00 MB
Current GC threshold: 35.13 MB
CDS: off
MetaspaceReclaimPolicy: balanced
 - commit_granule_bytes: 65536.
 - commit_granule_words: 8192.
 - virtual_space_node_default_size: 1048576.
 - enlarge_chunks_in_place: 1.
 - new_chunks_are_fully_committed: 0.
 - uncommit_free_chunks: 1.
 - use_allocation_guard: 0.
 - handle_deallocations: 1.


Internal statistics:

num_allocs_failed_limit: 3.
num_arena_births: 224.
num_arena_deaths: 0.
num_vsnodes_births: 4.
num_vsnodes_deaths: 0.
num_space_committed: 428.
num_space_uncommitted: 0.
num_chunks_returned_to_freelist: 3.
num_chunks_taken_from_freelist: 785.
num_chunk_merges: 0.
num_chunk_splits: 496.
num_chunks_enlarged: 353.
num_purges: 0.
num_inconsistent_stats: 0.

CodeHeap 'non-profiled nmethods': size=120064Kb used=1010Kb max_used=1010Kb free=119053Kb
 bounds [0x000001ee53c00000, 0x000001ee53e70000, 0x000001ee5b140000]
CodeHeap 'profiled nmethods': size=120000Kb used=4952Kb max_used=4952Kb free=115048Kb
 bounds [0x000001ee4c6d0000, 0x000001ee4cbb0000, 0x000001ee53c00000]
CodeHeap 'non-nmethods': size=5696Kb used=1209Kb max_used=1235Kb free=4486Kb
 bounds [0x000001ee4c140000, 0x000001ee4c3b0000, 0x000001ee4c6d0000]
 total_blobs=2889 nmethods=2377 adapters=425
 compilation: enabled
              stopped_count=0, restarted_count=0
 full_count=0

Compilation events (20 events):
Event: 30.801 Thread 0x000001ee4679bcb0 nmethod 2354 0x000001ee4cb98190 code [0x000001ee4cb98340, 0x000001ee4cb98568]
Event: 31.106 Thread 0x000001ee4679bcb0 2355       1       java.security.PermissionCollection::isReadOnly (5 bytes)
Event: 31.106 Thread 0x000001ee4679bcb0 nmethod 2355 0x000001ee53cfb690 code [0x000001ee53cfb820, 0x000001ee53cfb8f8]
Event: 31.199 Thread 0x000001ee46798f20 2356       4       java.lang.ref.SoftReference::get (29 bytes)
Event: 31.200 Thread 0x000001ee46798f20 nmethod 2356 0x000001ee53cfb990 code [0x000001ee53cfbb00, 0x000001ee53cfbbf8]
Event: 31.202 Thread 0x000001ee4679bcb0 2357       3       java.nio.ByteBuffer::limit (6 bytes)
Event: 31.202 Thread 0x000001ee4679bcb0 nmethod 2357 0x000001ee4cb98610 code [0x000001ee4cb987c0, 0x000001ee4cb98988]
Event: 31.202 Thread 0x000001ee46798f20 2358       4       java.lang.reflect.Modifier::isPublic (12 bytes)
Event: 31.203 Thread 0x000001ee46798f20 nmethod 2358 0x000001ee53cfbc90 code [0x000001ee53cfbe00, 0x000001ee53cfbe58]
Event: 31.204 Thread 0x000001ee4679bcb0 2359       3       java.lang.PublicMethods$MethodList::merge (192 bytes)
Event: 31.205 Thread 0x000001ee4679bcb0 nmethod 2359 0x000001ee4cb98a10 code [0x000001ee4cb98c80, 0x000001ee4cb99748]
Event: 31.206 Thread 0x000001ee46798f20 2360       4       jdk.internal.org.objectweb.asm.Frame::execute (2305 bytes)
Event: 31.223 Thread 0x000001ee4679bcb0 2361       3       jdk.internal.org.objectweb.asm.SymbolTable::addConstantString (8 bytes)
Event: 31.223 Thread 0x000001ee4679bcb0 nmethod 2361 0x000001ee4cb99b10 code [0x000001ee4cb99ca0, 0x000001ee4cb99de8]
Event: 31.223 Thread 0x000001ee4679bcb0 2362       3       jdk.internal.org.objectweb.asm.SymbolTable::addConstant (330 bytes)
Event: 31.227 Thread 0x000001ee4679bcb0 nmethod 2362 0x000001ee4cb99e90 code [0x000001ee4cb9a400, 0x000001ee4cb9d458]
Event: 31.234 Thread 0x000001ee4679bcb0 2363       3       jdk.internal.org.objectweb.asm.MethodWriter::putAbstractTypes (31 bytes)
Event: 31.234 Thread 0x000001ee4679bcb0 nmethod 2363 0x000001ee4cb9dd90 code [0x000001ee4cb9df40, 0x000001ee4cb9e188]
Event: 31.234 Thread 0x000001ee4679bcb0 2364       3       jdk.internal.org.objectweb.asm.SymbolTable::getType (7 bytes)
Event: 31.235 Thread 0x000001ee4679bcb0 nmethod 2364 0x000001ee4cb9e310 code [0x000001ee4cb9e4a0, 0x000001ee4cb9e5d8]

GC Heap History (12 events):
Event: 0.781 GC heap before
{Heap before GC invocations=0 (full 0):
 garbage-first heap   total 63488K, used 5120K [0x00000000c2800000, 0x0000000100000000)
  region size 1024K, 6 young (6144K), 0 survivors (0K)
 Metaspace       used 8097K, committed 8128K, reserved 1056768K
  class space    used 688K, committed 704K, reserved 1048576K
}
Event: 0.788 GC heap after
{Heap after GC invocations=1 (full 0):
 garbage-first heap   total 63488K, used 3573K [0x00000000c2800000, 0x0000000100000000)
  region size 1024K, 1 young (1024K), 1 survivors (1024K)
 Metaspace       used 8097K, committed 8128K, reserved 1056768K
  class space    used 688K, committed 704K, reserved 1048576K
}
Event: 1.053 GC heap before
{Heap before GC invocations=1 (full 0):
 garbage-first heap   total 63488K, used 6645K [0x00000000c2800000, 0x0000000100000000)
  region size 1024K, 4 young (4096K), 1 survivors (1024K)
 Metaspace       used 9583K, committed 9792K, reserved 1064960K
  class space    used 849K, committed 960K, reserved 1048576K
}
Event: 1.057 GC heap after
{Heap after GC invocations=2 (full 0):
 garbage-first heap   total 63488K, used 4087K [0x00000000c2800000, 0x0000000100000000)
  region size 1024K, 1 young (1024K), 1 survivors (1024K)
 Metaspace       used 9583K, committed 9792K, reserved 1064960K
  class space    used 849K, committed 960K, reserved 1048576K
}
Event: 2.052 GC heap before
{Heap before GC invocations=2 (full 0):
 garbage-first heap   total 63488K, used 12279K [0x00000000c2800000, 0x0000000100000000)
  region size 1024K, 9 young (9216K), 1 survivors (1024K)
 Metaspace       used 11973K, committed 12160K, reserved 1064960K
  class space    used 1137K, committed 1216K, reserved 1048576K
}
Event: 2.057 GC heap after
{Heap after GC invocations=3 (full 0):
 garbage-first heap   total 63488K, used 4419K [0x00000000c2800000, 0x0000000100000000)
  region size 1024K, 1 young (1024K), 1 survivors (1024K)
 Metaspace       used 11973K, committed 12160K, reserved 1064960K
  class space    used 1137K, committed 1216K, reserved 1048576K
}
Event: 6.394 GC heap before
{Heap before GC invocations=3 (full 0):
 garbage-first heap   total 63488K, used 38211K [0x00000000c2800000, 0x0000000100000000)
  region size 1024K, 35 young (35840K), 1 survivors (1024K)
 Metaspace       used 21308K, committed 21504K, reserved 1073152K
  class space    used 2274K, committed 2368K, reserved 1048576K
}
Event: 6.420 GC heap after
{Heap after GC invocations=4 (full 0):
 garbage-first heap   total 63488K, used 8200K [0x00000000c2800000, 0x0000000100000000)
  region size 1024K, 5 young (5120K), 5 survivors (5120K)
 Metaspace       used 21308K, committed 21504K, reserved 1073152K
  class space    used 2274K, committed 2368K, reserved 1048576K
}
Event: 23.290 GC heap before
{Heap before GC invocations=5 (full 0):
 garbage-first heap   total 34816K, used 23560K [0x00000000c2800000, 0x0000000100000000)
  region size 1024K, 20 young (20480K), 5 survivors (5120K)
 Metaspace       used 25586K, committed 25920K, reserved 1073152K
  class space    used 2861K, committed 3008K, reserved 1048576K
}
Event: 23.325 GC heap after
{Heap after GC invocations=6 (full 0):
 garbage-first heap   total 34816K, used 9458K [0x00000000c2800000, 0x0000000100000000)
  region size 1024K, 2 young (2048K), 2 survivors (2048K)
 Metaspace       used 25586K, committed 25920K, reserved 1073152K
  class space    used 2861K, committed 3008K, reserved 1048576K
}
Event: 25.041 GC heap before
{Heap before GC invocations=6 (full 0):
 garbage-first heap   total 34816K, used 10482K [0x00000000c2800000, 0x0000000100000000)
  region size 1024K, 3 young (3072K), 2 survivors (2048K)
 Metaspace       used 25858K, committed 26048K, reserved 1073152K
  class space    used 2899K, committed 3008K, reserved 1048576K
}
Event: 25.050 GC heap after
{Heap after GC invocations=7 (full 0):
 garbage-first heap   total 34816K, used 9905K [0x00000000c2800000, 0x0000000100000000)
  region size 1024K, 1 young (1024K), 1 survivors (1024K)
 Metaspace       used 25858K, committed 26048K, reserved 1073152K
  class space    used 2899K, committed 3008K, reserved 1048576K
}

Deoptimization events (20 events):
Event: 6.202 Thread 0x000001ee48ac25c0 Uncommon trap: trap_request=0xffffff45 fr.pc=0x000001ee53c3ab44 relative=0x00000000000004a4
Event: 6.202 Thread 0x000001ee48ac25c0 Uncommon trap: reason=unstable_if action=reinterpret pc=0x000001ee53c3ab44 method=java.lang.String.substring(II)Ljava/lang/String; @ 31 c2
Event: 6.202 Thread 0x000001ee48ac25c0 DEOPT PACKING pc=0x000001ee53c3ab44 sp=0x00000097014fd080
Event: 6.202 Thread 0x000001ee48ac25c0 DEOPT UNPACKING pc=0x000001ee4c1923a3 sp=0x00000097014fd040 mode 2
Event: 6.206 Thread 0x000001ee48ac25c0 Uncommon trap: trap_request=0xffffff45 fr.pc=0x000001ee53c553cc relative=0x000000000000012c
Event: 6.206 Thread 0x000001ee48ac25c0 Uncommon trap: reason=unstable_if action=reinterpret pc=0x000001ee53c553cc method=java.lang.AbstractStringBuilder.putStringAt(ILjava/lang/String;II)V @ 8 c2
Event: 6.206 Thread 0x000001ee48ac25c0 DEOPT PACKING pc=0x000001ee53c553cc sp=0x00000097014fd110
Event: 6.206 Thread 0x000001ee48ac25c0 DEOPT UNPACKING pc=0x000001ee4c1923a3 sp=0x00000097014fd058 mode 2
Event: 6.380 Thread 0x000001ee48ac25c0 Uncommon trap: trap_request=0xffffff45 fr.pc=0x000001ee53c78ef4 relative=0x00000000000005d4
Event: 6.380 Thread 0x000001ee48ac25c0 Uncommon trap: reason=unstable_if action=reinterpret pc=0x000001ee53c78ef4 method=java.lang.String.replace(CC)Ljava/lang/String; @ 2 c2
Event: 6.380 Thread 0x000001ee48ac25c0 DEOPT PACKING pc=0x000001ee53c78ef4 sp=0x00000097014fd640
Event: 6.380 Thread 0x000001ee48ac25c0 DEOPT UNPACKING pc=0x000001ee4c1923a3 sp=0x00000097014fd5f0 mode 2
Event: 9.162 Thread 0x000001ee48ac25c0 Uncommon trap: trap_request=0xffffff45 fr.pc=0x000001ee53cca6d0 relative=0x00000000000001d0
Event: 9.162 Thread 0x000001ee48ac25c0 Uncommon trap: reason=unstable_if action=reinterpret pc=0x000001ee53cca6d0 method=java.io.ByteArrayInputStream.read()I @ 8 c2
Event: 9.162 Thread 0x000001ee48ac25c0 DEOPT PACKING pc=0x000001ee53cca6d0 sp=0x00000097014fb9a0
Event: 9.162 Thread 0x000001ee48ac25c0 DEOPT UNPACKING pc=0x000001ee4c1923a3 sp=0x00000097014fb958 mode 2
Event: 17.813 Thread 0x000001ee48ac25c0 Uncommon trap: trap_request=0xffffff45 fr.pc=0x000001ee53cd6380 relative=0x0000000000000ee0
Event: 17.813 Thread 0x000001ee48ac25c0 Uncommon trap: reason=unstable_if action=reinterpret pc=0x000001ee53cd6380 method=java.util.concurrent.ConcurrentHashMap.putVal(Ljava/lang/Object;Ljava/lang/Object;Z)Ljava/lang/Object; @ 256 c2
Event: 17.813 Thread 0x000001ee48ac25c0 DEOPT PACKING pc=0x000001ee53cd6380 sp=0x00000097014fce40
Event: 17.813 Thread 0x000001ee48ac25c0 DEOPT UNPACKING pc=0x000001ee4c1923a3 sp=0x00000097014fcda8 mode 2

Classes unloaded (0 events):
No events

Classes redefined (0 events):
No events

Internal exceptions (20 events):
Event: 7.448 Thread 0x000001ee611d3d50 Exception <a 'java/net/ConnectException'{0x00000000c65cbd08}: Connection refused: no further information> (0x00000000c65cbd08) 
thrown [s\src\hotspot\share\prims\jni.cpp, line 535]
Event: 7.448 Thread 0x000001ee611d3d50 Exception <a 'java/net/SocketException'{0x00000000c65cc040}: Socket is not connected: shutdown> (0x00000000c65cc040) 
thrown [s\src\hotspot\share\prims\jni.cpp, line 535]
Event: 7.770 Thread 0x000001ee611d3d50 Exception <a 'java/net/ConnectException'{0x00000000c65ccfd8}: Connection refused: no further information> (0x00000000c65ccfd8) 
thrown [s\src\hotspot\share\prims\jni.cpp, line 535]
Event: 7.770 Thread 0x000001ee611d3d50 Exception <a 'java/net/SocketException'{0x00000000c65cd310}: Socket is not connected: shutdown> (0x00000000c65cd310) 
thrown [s\src\hotspot\share\prims\jni.cpp, line 535]
Event: 8.092 Thread 0x000001ee611d3d50 Exception <a 'java/net/ConnectException'{0x00000000c65ce2a8}: Connection refused: no further information> (0x00000000c65ce2a8) 
thrown [s\src\hotspot\share\prims\jni.cpp, line 535]
Event: 8.092 Thread 0x000001ee611d3d50 Exception <a 'java/net/SocketException'{0x00000000c65ce5e0}: Socket is not connected: shutdown> (0x00000000c65ce5e0) 
thrown [s\src\hotspot\share\prims\jni.cpp, line 535]
Event: 8.476 Thread 0x000001ee48ac25c0 Exception <a 'java/lang/IncompatibleClassChangeError'{0x00000000c483dd60}: Found class java.lang.Object, but interface was expected> (0x00000000c483dd60) 
thrown [s\src\hotspot\share\interpreter\linkResolver.cpp, line 826]
Event: 8.502 Thread 0x000001ee48ac25c0 Exception <a 'java/lang/NoSuchMethodError'{0x00000000c4847e90}: 'java.lang.Object java.lang.invoke.DirectMethodHandle$Holder.invokeInterface(java.lang.Object, java.lang.Object, java.lang.Object, java.lang.Object)'> (0x00000000c4847e90) 
thrown [s\src\hotspot\share\interpreter\linkResolver.cpp, line 759]
Event: 8.661 Thread 0x000001ee48ac25c0 Exception <a 'java/lang/NoSuchMethodError'{0x00000000c473a248}: 'double java.lang.invoke.DirectMethodHandle$Holder.invokeVirtual(java.lang.Object, java.lang.Object)'> (0x00000000c473a248) 
thrown [s\src\hotspot\share\interpreter\linkResolver.cpp, line 759]
Event: 8.663 Thread 0x000001ee48ac25c0 Exception <a 'java/lang/NoSuchMethodError'{0x00000000c47409c8}: 'float java.lang.invoke.DirectMethodHandle$Holder.invokeVirtual(java.lang.Object, java.lang.Object)'> (0x00000000c47409c8) 
thrown [s\src\hotspot\share\interpreter\linkResolver.cpp, line 759]
Event: 8.667 Thread 0x000001ee48ac25c0 Exception <a 'java/lang/NoSuchMethodError'{0x00000000c4749b38}: 'long java.lang.invoke.DirectMethodHandle$Holder.invokeVirtual(java.lang.Object, java.lang.Object)'> (0x00000000c4749b38) 
thrown [s\src\hotspot\share\interpreter\linkResolver.cpp, line 759]
Event: 17.177 Thread 0x000001ee48ac25c0 Exception <a 'java/lang/NoSuchMethodError'{0x00000000c391cd38}: 'java.lang.Object java.lang.invoke.DirectMethodHandle$Holder.invokeSpecialIFC(java.lang.Object, java.lang.Object, java.lang.Object)'> (0x00000000c391cd38) 
thrown [s\src\hotspot\share\interpreter\linkResolver.cpp, line 759]
Event: 18.026 Thread 0x000001ee48ac25c0 Exception <a 'java/lang/ClassNotFoundException'{0x00000000c39cf3e0}: sun/util/logging/resources/spi/loggingProvider> (0x00000000c39cf3e0) 
thrown [s\src\hotspot\share\classfile\systemDictionary.cpp, line 256]
Event: 20.904 Thread 0x000001ee48ac25c0 Exception <a 'java/lang/NoSuchMethodError'{0x00000000c37ae768}: 'int java.lang.invoke.DirectMethodHandle$Holder.invokeSpecial(java.lang.Object, java.lang.Object, java.lang.Object, java.lang.Object)'> (0x00000000c37ae768) 
thrown [s\src\hotspot\share\interpreter\linkResolver.cpp, line 759]
Event: 22.862 Thread 0x000001ee48ac25c0 Exception <a 'sun/nio/fs/WindowsException'{0x00000000c364eab0}> (0x00000000c364eab0) 
thrown [s\src\hotspot\share\prims\jni.cpp, line 516]
Event: 23.285 Thread 0x000001ee48ac25c0 Exception <a 'sun/nio/fs/WindowsException'{0x00000000c36c1310}> (0x00000000c36c1310) 
thrown [s\src\hotspot\share\prims\jni.cpp, line 516]
Event: 25.990 Thread 0x000001ee48ac25c0 Exception <a 'java/lang/NoSuchMethodError'{0x00000000c472b580}: 'java.lang.Object java.lang.invoke.DirectMethodHandle$Holder.invokeSpecial(java.lang.Object, java.lang.Object, java.lang.Object, int, java.lang.Object)'> (0x00000000c472b580) 
thrown [s\src\hotspot\share\interpreter\linkResolver.cpp, line 759]
Event: 25.992 Thread 0x000001ee48ac25c0 Exception <a 'java/lang/NoSuchMethodError'{0x00000000c4732cb0}: 'java.lang.Object java.lang.invoke.DirectMethodHandle$Holder.newInvokeSpecial(java.lang.Object, java.lang.Object, java.lang.Object, int)'> (0x00000000c4732cb0) 
thrown [s\src\hotspot\share\interpreter\linkResolver.cpp, line 759]
Event: 25.994 Thread 0x000001ee48ac25c0 Exception <a 'java/lang/NoSuchMethodError'{0x00000000c4737338}: 'java.lang.Object java.lang.invoke.DirectMethodHandle$Holder.invokeSpecial(java.lang.Object, java.lang.Object, java.lang.Object, java.lang.Object, int)'> (0x00000000c4737338) 
thrown [s\src\hotspot\share\interpreter\linkResolver.cpp, line 759]
Event: 25.995 Thread 0x000001ee48ac25c0 Exception <a 'java/lang/NoSuchMethodError'{0x00000000c473b448}: 'java.lang.Object java.lang.invoke.Invokers$Holder.linkToTargetMethod(java.lang.Object, java.lang.Object, int, java.lang.Object)'> (0x00000000c473b448) 
thrown [s\src\hotspot\share\interpreter\linkResolver.cpp, line 759]

VM Operations (20 events):
Event: 17.486 Executing VM operation: Cleanup
Event: 17.486 Executing VM operation: Cleanup done
Event: 17.546 Executing VM operation: HandshakeAllThreads
Event: 17.546 Executing VM operation: HandshakeAllThreads done
Event: 18.547 Executing VM operation: Cleanup
Event: 18.547 Executing VM operation: Cleanup done
Event: 20.548 Executing VM operation: Cleanup
Event: 20.548 Executing VM operation: Cleanup done
Event: 22.548 Executing VM operation: Cleanup
Event: 22.548 Executing VM operation: Cleanup done
Event: 23.290 Executing VM operation: G1CollectForAllocation
Event: 23.404 Executing VM operation: G1CollectForAllocation done
Event: 24.406 Executing VM operation: Cleanup
Event: 24.406 Executing VM operation: Cleanup done
Event: 25.041 Executing VM operation: G1CollectForAllocation
Event: 25.050 Executing VM operation: G1CollectForAllocation done
Event: 27.051 Executing VM operation: Cleanup
Event: 27.051 Executing VM operation: Cleanup done
Event: 31.052 Executing VM operation: Cleanup
Event: 31.052 Executing VM operation: Cleanup done

Events (20 events):
Event: 26.017 loading class java/text/AttributedCharacterIterator$Attribute
Event: 26.029 loading class java/text/AttributedCharacterIterator$Attribute done
Event: 26.029 loading class java/text/Format$Field done
Event: 26.029 loading class java/text/MessageFormat$Field done
Event: 26.180 loading class java/util/TreeMap$Values
Event: 26.180 loading class java/util/TreeMap$Values done
Event: 26.180 loading class java/util/TreeMap$ValueIterator
Event: 26.180 loading class java/util/TreeMap$ValueIterator done
Event: 26.180 loading class java/util/stream/Streams$RangeIntSpliterator
Event: 26.181 loading class java/util/stream/Streams$RangeIntSpliterator done
Event: 26.181 loading class java/util/Spliterators$2Adapter
Event: 26.181 loading class java/util/PrimitiveIterator$OfInt
Event: 26.189 loading class java/util/PrimitiveIterator
Event: 26.190 loading class java/util/PrimitiveIterator done
Event: 26.190 loading class java/util/PrimitiveIterator$OfInt done
Event: 26.190 loading class java/util/Spliterators$2Adapter done
Event: 26.190 loading class java/util/Tripwire
Event: 26.190 loading class java/util/Tripwire done
Event: 30.804 loading class java/time/Instant$1
Event: 30.804 loading class java/time/Instant$1 done


Dynamic libraries:
0x00007ff7dec00000 - 0x00007ff7dec0e000 	C:\Users\ELCOT\.p2\pool\plugins\org.eclipse.justj.openjdk.hotspot.jre.full.win32.x86_64_17.0.4.v20220805-1047\jre\bin\javaw.exe
0x00007ffcf9130000 - 0x00007ffcf931d000 	C:\Windows\SYSTEM32\ntdll.dll
0x00007ffcf6660000 - 0x00007ffcf6713000 	C:\Windows\System32\KERNEL32.DLL
0x00007ffcf5790000 - 0x00007ffcf5a25000 	C:\Windows\System32\KERNELBASE.dll
0x00007ffcf6190000 - 0x00007ffcf628a000 	C:\Windows\System32\ucrtbase.dll
0x00007ffcedd10000 - 0x00007ffcedd28000 	C:\Users\ELCOT\.p2\pool\plugins\org.eclipse.justj.openjdk.hotspot.jre.full.win32.x86_64_17.0.4.v20220805-1047\jre\bin\jli.dll
0x00007ffcf8a40000 - 0x00007ffcf8bd7000 	C:\Windows\System32\USER32.dll
0x00007ffcf6330000 - 0x00007ffcf6350000 	C:\Windows\System32\win32u.dll
0x00007ffcf8f40000 - 0x00007ffcf8f69000 	C:\Windows\System32\GDI32.dll
0x00007ffcf5280000 - 0x00007ffcf541c000 	C:\Windows\System32\gdi32full.dll
0x00007ffcf6290000 - 0x00007ffcf6330000 	C:\Windows\System32\msvcp_win.dll
0x00007ffcedcf0000 - 0x00007ffcedd09000 	C:\Users\ELCOT\.p2\pool\plugins\org.eclipse.justj.openjdk.hotspot.jre.full.win32.x86_64_17.0.4.v20220805-1047\jre\bin\VCRUNTIME140.dll
0x00007ffcdf380000 - 0x00007ffcdf5f9000 	C:\Windows\WinSxS\amd64_microsoft.windows.common-controls_6595b64144ccf1df_6.0.17763.1577_none_de7444545348a3d0\COMCTL32.dll
0x00007ffcf6480000 - 0x00007ffcf651e000 	C:\Windows\System32\msvcrt.dll
0x00007ffcf68c0000 - 0x00007ffcf6bed000 	C:\Windows\System32\combase.dll
0x00007ffcf8be0000 - 0x00007ffcf8d02000 	C:\Windows\System32\RPCRT4.dll
0x00007ffcf5420000 - 0x00007ffcf549e000 	C:\Windows\System32\bcryptPrimitives.dll
0x00007ffcf6830000 - 0x00007ffcf685e000 	C:\Windows\System32\IMM32.DLL
0x00007ffce19e0000 - 0x00007ffce1b38000 	C:\Program Files (x86)\Citrix\ICA Client\epclient64.dll
0x00007ffcf5250000 - 0x00007ffcf5276000 	C:\Windows\System32\bcrypt.dll
0x00007ffcf0450000 - 0x00007ffcf045a000 	C:\Windows\SYSTEM32\VERSION.dll
0x00007ffcf8e80000 - 0x00007ffcf8f23000 	C:\Windows\System32\ADVAPI32.dll
0x00007ffcf6790000 - 0x00007ffcf682e000 	C:\Windows\System32\sechost.dll
0x00007ffcf4180000 - 0x00007ffcf41b1000 	C:\Windows\SYSTEM32\ntmarta.dll
0x00007ffcf3290000 - 0x00007ffcf329c000 	C:\Users\ELCOT\.p2\pool\plugins\org.eclipse.justj.openjdk.hotspot.jre.full.win32.x86_64_17.0.4.v20220805-1047\jre\bin\vcruntime140_1.dll
0x00007ffcd9d50000 - 0x00007ffcd9de1000 	C:\Users\ELCOT\.p2\pool\plugins\org.eclipse.justj.openjdk.hotspot.jre.full.win32.x86_64_17.0.4.v20220805-1047\jre\bin\msvcp140.dll
0x00007ffcd02e0000 - 0x00007ffcd0f26000 	C:\Users\ELCOT\.p2\pool\plugins\org.eclipse.justj.openjdk.hotspot.jre.full.win32.x86_64_17.0.4.v20220805-1047\jre\bin\server\jvm.dll
0x00007ffcf6650000 - 0x00007ffcf6658000 	C:\Windows\System32\PSAPI.DLL
0x00007ffcf14a0000 - 0x00007ffcf14a9000 	C:\Windows\SYSTEM32\WSOCK32.dll
0x00007ffcf7090000 - 0x00007ffcf70fd000 	C:\Windows\System32\WS2_32.dll
0x00007ffcf2de0000 - 0x00007ffcf2e04000 	C:\Windows\SYSTEM32\WINMM.dll
0x00007ffcf27f0000 - 0x00007ffcf281d000 	C:\Windows\SYSTEM32\WINMMBASE.dll
0x00007ffcf5200000 - 0x00007ffcf524a000 	C:\Windows\System32\cfgmgr32.dll
0x00007ffcf51c0000 - 0x00007ffcf51d1000 	C:\Windows\System32\kernel.appcore.dll
0x00007ffcf3260000 - 0x00007ffcf326a000 	C:\Users\ELCOT\.p2\pool\plugins\org.eclipse.justj.openjdk.hotspot.jre.full.win32.x86_64_17.0.4.v20220805-1047\jre\bin\jimage.dll
0x00007ffcec4d0000 - 0x00007ffcec6bd000 	C:\Windows\SYSTEM32\DBGHELP.DLL
0x00007ffcec1b0000 - 0x00007ffcec1da000 	C:\Windows\SYSTEM32\dbgcore.DLL
0x00007ffcedcc0000 - 0x00007ffcedce5000 	C:\Users\ELCOT\.p2\pool\plugins\org.eclipse.justj.openjdk.hotspot.jre.full.win32.x86_64_17.0.4.v20220805-1047\jre\bin\java.dll
0x00007ffcedca0000 - 0x00007ffcedcb8000 	C:\Users\ELCOT\.p2\pool\plugins\org.eclipse.justj.openjdk.hotspot.jre.full.win32.x86_64_17.0.4.v20220805-1047\jre\bin\zip.dll
0x00007ffcf7470000 - 0x00007ffcf8969000 	C:\Windows\System32\SHELL32.dll
0x00007ffcf6520000 - 0x00007ffcf65c8000 	C:\Windows\System32\shcore.dll
0x000001ee60000000 - 0x000001ee60753000 	C:\Windows\System32\windows.storage.dll
0x00007ffcf5110000 - 0x00007ffcf5134000 	C:\Windows\System32\profapi.dll
0x00007ffcf5140000 - 0x00007ffcf519d000 	C:\Windows\System32\powrprof.dll
0x000001ee5f640000 - 0x000001ee5f692000 	C:\Windows\System32\shlwapi.dll
0x00007ffcf51e0000 - 0x00007ffcf51f7000 	C:\Windows\System32\cryptsp.dll
0x00007ffcedc80000 - 0x00007ffcedc99000 	C:\Users\ELCOT\.p2\pool\plugins\org.eclipse.justj.openjdk.hotspot.jre.full.win32.x86_64_17.0.4.v20220805-1047\jre\bin\net.dll
0x00007ffce8230000 - 0x00007ffce8324000 	C:\Windows\SYSTEM32\WINHTTP.dll
0x00007ffcf4920000 - 0x00007ffcf4987000 	C:\Windows\system32\mswsock.dll
0x00007ffcedc00000 - 0x00007ffcedc15000 	C:\Users\ELCOT\.p2\pool\plugins\org.eclipse.justj.openjdk.hotspot.jre.full.win32.x86_64_17.0.4.v20220805-1047\jre\bin\nio.dll
0x00007ffcf4640000 - 0x00007ffcf467d000 	C:\Windows\SYSTEM32\IPHLPAPI.DLL
0x000001ee48a40000 - 0x000001ee48a48000 	C:\Windows\System32\NSI.dll
0x00007ffcec870000 - 0x00007ffcec886000 	C:\Windows\SYSTEM32\dhcpcsvc6.DLL
0x00007ffcecd50000 - 0x00007ffcecd6c000 	C:\Windows\SYSTEM32\dhcpcsvc.DLL
0x00007ffcf4680000 - 0x00007ffcf4746000 	C:\Windows\SYSTEM32\DNSAPI.dll
0x00007ffcf1770000 - 0x00007ffcf1780000 	C:\Users\ELCOT\.p2\pool\plugins\org.eclipse.justj.openjdk.hotspot.jre.full.win32.x86_64_17.0.4.v20220805-1047\jre\bin\verify.dll
0x00007ffcf44a0000 - 0x00007ffcf44d3000 	C:\Windows\system32\rsaenh.dll
0x00007ffcf5010000 - 0x00007ffcf5039000 	C:\Windows\SYSTEM32\USERENV.dll
0x00007ffcf4af0000 - 0x00007ffcf4afc000 	C:\Windows\SYSTEM32\CRYPTBASE.dll
0x00007ffce7dd0000 - 0x00007ffce7dda000 	C:\Windows\System32\rasadhlp.dll
0x00007ffce81b0000 - 0x00007ffce8229000 	C:\Windows\System32\fwpuclnt.dll
0x00007ffcee570000 - 0x00007ffcee57e000 	C:\Users\ELCOT\.p2\pool\plugins\org.eclipse.justj.openjdk.hotspot.jre.full.win32.x86_64_17.0.4.v20220805-1047\jre\bin\sunmscapi.dll
0x00007ffcf5550000 - 0x00007ffcf572c000 	C:\Windows\System32\CRYPT32.dll
0x00007ffcf51a0000 - 0x00007ffcf51b2000 	C:\Windows\System32\MSASN1.dll
0x00007ffcf4bf0000 - 0x00007ffcf4c16000 	C:\Windows\SYSTEM32\ncrypt.dll
0x00007ffcf4bb0000 - 0x00007ffcf4bec000 	C:\Windows\SYSTEM32\NTASN1.dll

dbghelp: loaded successfully - version: 4.0.5 - missing functions: none
symbol engine: initialized successfully - sym options: 0x614 - pdb path: .;C:\Users\ELCOT\.p2\pool\plugins\org.eclipse.justj.openjdk.hotspot.jre.full.win32.x86_64_17.0.4.v20220805-1047\jre\bin;C:\Windows\SYSTEM32;C:\Windows\WinSxS\amd64_microsoft.windows.common-controls_6595b64144ccf1df_6.0.17763.1577_none_de7444545348a3d0;C:\Program Files (x86)\Citrix\ICA Client;C:\Users\ELCOT\.p2\pool\plugins\org.eclipse.justj.openjdk.hotspot.jre.full.win32.x86_64_17.0.4.v20220805-1047\jre\bin\server

VM Arguments:
jvm_args: -ea -Dfile.encoding=UTF-8 -XX:+ShowCodeDetailsInExceptionMessages 
java_command: org.eclipse.jdt.internal.junit.runner.RemoteTestRunner -version 3 -port 60877 -testLoaderClass org.eclipse.jdt.internal.junit5.runner.JUnit5TestLoader -loaderpluginname org.eclipse.jdt.junit5.runtime -classNames com.runner.RunnerFile
java_class_path (initial): C:\Users\ELCOT\eclipse-workspace\Cucumber\target\test-classes;C:\Users\ELCOT\eclipse-workspace\Cucumber\target\classes;C:\Users\ELCOT\.p2\pool\plugins\org.junit.jupiter.api_5.8.1.v20211018-1956.jar;C:\Users\ELCOT\.p2\pool\plugins\org.junit.jupiter.engine_5.8.1.v20211018-1956.jar;C:\Users\ELCOT\.p2\pool\plugins\org.junit.jupiter.migrationsupport_5.8.1.v20211018-1956.jar;C:\Users\ELCOT\.p2\pool\plugins\org.junit.jupiter.params_5.8.1.v20211018-1956.jar;C:\Users\ELCOT\.p2\pool\plugins\org.junit.platform.commons_1.8.1.v20211018-1956.jar;C:\Users\ELCOT\.p2\pool\plugins\org.junit.platform.engine_1.8.1.v20211018-1956.jar;C:\Users\ELCOT\.p2\pool\plugins\org.junit.platform.launcher_1.8.1.v20211018-1956.jar;C:\Users\ELCOT\.p2\pool\plugins\org.junit.platform.runner_1.8.1.v20211018-1956.jar;C:\Users\ELCOT\.p2\pool\plugins\org.junit.platform.suite.api_1.8.1.v20211018-1956.jar;C:\Users\ELCOT\.p2\pool\plugins\org.junit.platform.suite.engine_1.8.1.v20211028-1957.jar;C:\Users\ELCOT\.p2\pool\plugins\org.junit.platform.suite.commons_1.8.1.v20211018-1956.jar;C:\Users\ELCOT\.p2\pool\plugins\org.junit.vintage.engine_5.8.1.v20211018-1956.jar;C:\Users\ELCOT\.p2\pool\plugins\org.opentest4j_1.2.0.v20211018-1956.jar;C:\Users\ELCOT\.p2\pool\plugins\org.apiguardian_1.1.2.v20211018-1956.jar;C:\Users\ELCOT\.p2\pool\plugins\org.junit_4.13.2.v20211018-1956.jar;C:\Users\ELCOT\.p2\pool\plugins\org.hamcrest.core_1.3.0.v20180420-1519.jar;C:\Users\ELCOT\.m2\repository\org\seleniumhq\selenium\selenium-java\3.141.59\selenium-java-3.141.59.jar;C:\Users\ELCOT\.m2\repository\org\seleniumhq\selenium\selenium-api\3.141.59\selenium-api-3.141.59.jar;C:\Users\ELCOT\.m2\repository\org\seleniumhq\selenium\selenium-chrome-driver\3.141.59\selenium-chrome-driver-3.141.59.jar;C:\Users\ELCOT\.m2\repository\org\seleniumhq\selenium\selenium-edge-driver\3.141.59\selenium-edge-driver-3.141.59.jar;C:\Users\ELCOT\.m2\repository\org\seleniumhq\selenium\selenium-firefox-driver\3.141.59\selenium-firef
Launcher Type: SUN_STANDARD

[Global flags]
     intx CICompilerCount                          = 2                                         {product} {ergonomic}
     uint ConcGCThreads                            = 1                                         {product} {ergonomic}
     uint G1ConcRefinementThreads                  = 2                                         {product} {ergonomic}
   size_t G1HeapRegionSize                         = 1048576                                   {product} {ergonomic}
    uintx GCDrainStackTargetSize                   = 64                                        {product} {ergonomic}
   size_t InitialHeapSize                          = 65011712                                  {product} {ergonomic}
   size_t MarkStackSize                            = 4194304                                   {product} {ergonomic}
   size_t MaxHeapSize                              = 1031798784                                {product} {ergonomic}
   size_t MaxNewSize                               = 618659840                                 {product} {ergonomic}
   size_t MinHeapDeltaBytes                        = 1048576                                   {product} {ergonomic}
   size_t MinHeapSize                              = 8388608                                   {product} {ergonomic}
    uintx NonNMethodCodeHeapSize                   = 5826188                                {pd product} {ergonomic}
    uintx NonProfiledCodeHeapSize                  = 122916026                              {pd product} {ergonomic}
    uintx ProfiledCodeHeapSize                     = 122916026                              {pd product} {ergonomic}
    uintx ReservedCodeCacheSize                    = 251658240                              {pd product} {ergonomic}
     bool SegmentedCodeCache                       = true                                      {product} {ergonomic}
     bool ShowCodeDetailsInExceptionMessages       = true                                   {manageable} {command line}
   size_t SoftMaxHeapSize                          = 1031798784                             {manageable} {ergonomic}
     bool UseCompressedClassPointers               = true                           {product lp64_product} {ergonomic}
     bool UseCompressedOops                        = true                           {product lp64_product} {ergonomic}
     bool UseG1GC                                  = true                                      {product} {ergonomic}
     bool UseLargePagesIndividualAllocation        = false                                  {pd product} {ergonomic}

Logging:
Log output configuration:
 #0: stdout all=warning uptime,level,tags
 #1: stderr all=off uptime,level,tags

Environment Variables:
PATH=C:/Users/ELCOT/.p2/pool/plugins/org.eclipse.justj.openjdk.hotspot.jre.full.win32.x86_64_17.0.4.v20220903-1038/jre/bin/server;C:/Users/ELCOT/.p2/pool/plugins/org.eclipse.justj.openjdk.hotspot.jre.full.win32.x86_64_17.0.4.v20220903-1038/jre/bin;C:\Program Files\Common Files\Oracle\Java\javapath;C:\Program Files (x86)\Common Files\Oracle\Java\javapath;C:\Windows\system32;C:\Windows;C:\Windows\System32\Wbem;C:\Windows\System32\WindowsPowerShell\v1.0\;C:\Windows\System32\OpenSSH\;C:\Program Files\Git\cmd;C:\Program Files\Java\jdk-18.0.1\bin;;C:\Users\ELCOT\Desktop;
USERNAME=ELCOT
OS=Windows_NT
PROCESSOR_IDENTIFIER=AMD64 Family 21 Model 112 Stepping 0, AuthenticAMD
TMP=C:\Users\ELCOT\AppData\Local\Temp
TEMP=C:\Users\ELCOT\AppData\Local\Temp



---------------  S Y S T E M  ---------------

OS:
 Windows 10 , 64 bit Build 17763 (10.0.17763.475)
OS uptime: 48 days 3:04 hours

CPU: total 2 (initial active 2) (2 cores per cpu, 1 threads per core) family 21 model 112 stepping 0 microcode 0x0, cx8, cmov, fxsr, mmx, 3dnowpref, sse, sse2, sse3, ssse3, sse4a, sse4.1, sse4.2, popcnt, lzcnt, tsc, tscinvbit, avx, avx2, aes, clmul, bmi1, bmi2, fma, vzeroupper, clflush

Memory: 4k page, system-wide physical 3935M (392M free)
TotalPageFile size 6935M (AvailPageFile size 16M)
current process WorkingSet (physical memory assigned to process): 111M, peak: 117M
current process commit charge ("private bytes"): 137M, peak: 160M

vm_info: OpenJDK 64-Bit Server VM (17.0.4+8) for windows-amd64 JRE (17.0.4+8), built on Jul 19 2022 16:05:16 by "temurin" with MS VC++ 16.7 (VS2019)

END.
